<?xml version="1.0" encoding="UTF-8"?>
<testsuite xmlns:xsi="http://www.w3.org/2001/XMLSchema-instance" xsi:noNamespaceSchemaLocation="https://maven.apache.org/surefire/maven-surefire-plugin/xsd/surefire-test-report-3.0.xsd" version="3.0" name="com.femiproject.bank.UserTest" time="0.448" tests="9" errors="0" skipped="0" failures="0">
  <properties>
[...]
</properties>
  <testcase name="testFailedAuthenticate" classname="com.femiproject.bank.UserTest" time="0.204"/>
  <testcase name="testAuthenticate" classname="com.femiproject.bank.UserTest" time="0.006"/>
  <testcase name="testFailedTransfer" classname="com.femiproject.bank.UserTest" time="0.043"/>
  <testcase name="testWithdraw" classname="com.femiproject.bank.UserTest" time="0.004"/>
  <testcase name="testReceiverMoney" classname="com.femiproject.bank.UserTest" time="0.005"/>
  <testcase name="testFailedWithdraw" classname="com.femiproject.bank.UserTest" time="0.007"/>
  <testcase name="testDeposit" classname="com.femiproject.bank.UserTest" time="0.002"/>
  <testcase name="testFailedDeposit" classname="com.femiproject.bank.UserTest" time="0.003"/>
  <testcase name="testTransfer" classname="com.femiproject.bank.UserTest" time="0.002"/>
</testsuite>