<?xml version="1.0" encoding="UTF-8"?>
<testsuite xmlns:xsi="http://www.w3.org/2001/XMLSchema-instance" xsi:noNamespaceSchemaLocation="https://maven.apache.org/surefire/maven-surefire-plugin/xsd/surefire-test-report-3.0.xsd" version="3.0" name="com.femiproject.bank.BankSystemTest" time="9.012" tests="8" errors="0" skipped="0" failures="3">
  <properties>
[...]
</properties>
  <testcase name="testDisplayTransactionHistory" classname="com.femiproject.bank.BankSystemTest" time="3.629">
    <failure message="expected: &lt;2&gt; but was: &lt;1&gt;" type="org.opentest4j.AssertionFailedError"><![CDATA[org.opentest4j.AssertionFailedError: expected: <2> but was: <1>
	at org.junit.jupiter.api.AssertionFailureBuilder.build(AssertionFailureBuilder.java:151)
	at org.junit.jupiter.api.AssertionFailureBuilder.buildAndThrow(AssertionFailureBuilder.java:132)
	at org.junit.jupiter.api.AssertEquals.failNotEqual(AssertEquals.java:197)
	at org.junit.jupiter.api.AssertEquals.assertEquals(AssertEquals.java:150)
	at org.junit.jupiter.api.AssertEquals.assertEquals(AssertEquals.java:145)
	at org.junit.jupiter.api.Assertions.assertEquals(Assertions.java:531)
	at com.femiproject.bank.BankSystemTest.testDisplayTransactionHistory(BankSystemTest.java:58)
	at java.base/java.lang.reflect.Method.invoke(Method.java:565)
	at java.base/java.util.ArrayList.forEach(ArrayList.java:1604)
	at java.base/java.util.ArrayList.forEach(ArrayList.java:1604)
]]></failure>
    <system-out><![CDATA[Loaded 1 users from bank.json
Account creation failed: Username already exists
Deposited $100.00 successfully to femi's account
Withdrew $30.00 successfully from femi's account
]]></system-out>
  </testcase>
  <testcase name="testViewBalance" classname="com.femiproject.bank.BankSystemTest" time="0.195">
    <system-out><![CDATA[Account created successfully for: femi
Deposited $150.00 successfully to femi's account
]]></system-out>
    <system-err><![CDATA[Error loading users from bank.json: Cannot construct instance of `com.femiproject.bank.Transaction` (no Creators, like default constructor, exist): cannot deserialize from Object value (no delegate- or property-based Creator)
 at [Source: REDACTED (`StreamReadFeature.INCLUDE_SOURCE_IN_LOCATION` disabled); line: 6, column: 5] (through reference chain: java.util.ArrayList[0]->com.femiproject.bank.User["transactions"]->java.util.ArrayList[0])
]]></system-err>
  </testcase>
  <testcase name="testWithdraw" classname="com.femiproject.bank.BankSystemTest" time="0.398">
    <system-out><![CDATA[Account created successfully for: femi
Deposited $200.00 successfully to femi's account
Withdrew $50.00 successfully from femi's account
]]></system-out>
    <system-err><![CDATA[Error loading users from bank.json: Cannot construct instance of `com.femiproject.bank.Transaction` (no Creators, like default constructor, exist): cannot deserialize from Object value (no delegate- or property-based Creator)
 at [Source: REDACTED (`StreamReadFeature.INCLUDE_SOURCE_IN_LOCATION` disabled); line: 6, column: 5] (through reference chain: java.util.ArrayList[0]->com.femiproject.bank.User["transactions"]->java.util.ArrayList[0])
]]></system-err>
  </testcase>
  <testcase name="testFindUser" classname="com.femiproject.bank.BankSystemTest" time="1.028">
    <system-out><![CDATA[Account created successfully for: femi
]]></system-out>
    <system-err><![CDATA[Error loading users from bank.json: Cannot construct instance of `com.femiproject.bank.Transaction` (no Creators, like default constructor, exist): cannot deserialize from Object value (no delegate- or property-based Creator)
 at [Source: REDACTED (`StreamReadFeature.INCLUDE_SOURCE_IN_LOCATION` disabled); line: 6, column: 5] (through reference chain: java.util.ArrayList[0]->com.femiproject.bank.User["transactions"]->java.util.ArrayList[0])
]]></system-err>
  </testcase>
  <testcase name="testCreateUser" classname="com.femiproject.bank.BankSystemTest" time="1.02">
    <failure message="User should be created and authenticated ==&gt; expected: not &lt;null&gt;" type="org.opentest4j.AssertionFailedError"><![CDATA[org.opentest4j.AssertionFailedError: User should be created and authenticated ==> expected: not <null>
	at org.junit.jupiter.api.AssertionFailureBuilder.build(AssertionFailureBuilder.java:152)
	at org.junit.jupiter.api.AssertionFailureBuilder.buildAndThrow(AssertionFailureBuilder.java:132)
	at org.junit.jupiter.api.AssertNotNull.failNull(AssertNotNull.java:49)
	at org.junit.jupiter.api.AssertNotNull.assertNotNull(AssertNotNull.java:35)
	at org.junit.jupiter.api.Assertions.assertNotNull(Assertions.java:312)
	at com.femiproject.bank.BankSystemTest.testCreateUser(BankSystemTest.java:31)
	at java.base/java.lang.reflect.Method.invoke(Method.java:565)
	at java.base/java.util.ArrayList.forEach(ArrayList.java:1604)
	at java.base/java.util.ArrayList.forEach(ArrayList.java:1604)
]]></failure>
    <system-out><![CDATA[Loaded 1 users from bank.json
Account creation failed: Username already exists
]]></system-out>
  </testcase>
  <testcase name="testDeposit" classname="com.femiproject.bank.BankSystemTest" time="1.016">
    <system-out><![CDATA[Loaded 1 users from bank.json
Account creation failed: Username already exists
Deposited $100.00 successfully to femi's account
]]></system-out>
  </testcase>
  <testcase name="testTransfer" classname="com.femiproject.bank.BankSystemTest" time="0.323">
    <system-out><![CDATA[Account created successfully for: femi
Deposited $100.00 successfully to femi's account
Account created successfully for: bola
Transfer successful: $40.00 from femi to bola
]]></system-out>
    <system-err><![CDATA[Error loading users from bank.json: Cannot construct instance of `com.femiproject.bank.Transaction` (no Creators, like default constructor, exist): cannot deserialize from Object value (no delegate- or property-based Creator)
 at [Source: REDACTED (`StreamReadFeature.INCLUDE_SOURCE_IN_LOCATION` disabled); line: 6, column: 5] (through reference chain: java.util.ArrayList[0]->com.femiproject.bank.User["transactions"]->java.util.ArrayList[0])
]]></system-err>
  </testcase>
  <testcase name="testAuthUser" classname="com.femiproject.bank.BankSystemTest" time="1.026">
    <failure message="expected: not &lt;null&gt;" type="org.opentest4j.AssertionFailedError"><![CDATA[org.opentest4j.AssertionFailedError: expected: not <null>
	at org.junit.jupiter.api.AssertionFailureBuilder.build(AssertionFailureBuilder.java:152)
	at org.junit.jupiter.api.AssertionFailureBuilder.buildAndThrow(AssertionFailureBuilder.java:132)
	at org.junit.jupiter.api.AssertNotNull.failNull(AssertNotNull.java:49)
	at org.junit.jupiter.api.AssertNotNull.assertNotNull(AssertNotNull.java:35)
	at org.junit.jupiter.api.AssertNotNull.assertNotNull(AssertNotNull.java:30)
	at org.junit.jupiter.api.Assertions.assertNotNull(Assertions.java:304)
	at com.femiproject.bank.BankSystemTest.testAuthUser(BankSystemTest.java:18)
	at java.base/java.lang.reflect.Method.invoke(Method.java:565)
	at java.base/java.util.ArrayList.forEach(ArrayList.java:1604)
	at java.base/java.util.ArrayList.forEach(ArrayList.java:1604)
]]></failure>
    <system-out><![CDATA[Account created successfully for: femi
]]></system-out>
    <system-err><![CDATA[Error loading users from bank.json: Cannot construct instance of `com.femiproject.bank.Transaction` (no Creators, like default constructor, exist): cannot deserialize from Object value (no delegate- or property-based Creator)
 at [Source: REDACTED (`StreamReadFeature.INCLUDE_SOURCE_IN_LOCATION` disabled); line: 6, column: 5] (through reference chain: java.util.ArrayList[0]->com.femiproject.bank.User["transactions"]->java.util.ArrayList[0])
]]></system-err>
  </testcase>
</testsuite>