<?xml version="1.0" encoding="UTF-8"?>
<testsuite xmlns:xsi="http://www.w3.org/2001/XMLSchema-instance" xsi:noNamespaceSchemaLocation="https://maven.apache.org/surefire/maven-surefire-plugin/xsd/surefire-test-report-3.0.xsd" version="3.0" name="com.femiproject.bank.BankSystemTest" time="9.012" tests="8" errors="0" skipped="0" failures="3">
  <properties>
    <property name="java.specification.version" value="24"/>
    <property name="sun.cpu.isalist" value="amd64"/>
    <property name="sun.jnu.encoding" value="Cp1252"/>
    <property name="java.class.path" value="C:\Users\FEMI\project30days\target\test-classes;C:\Users\FEMI\project30days\target\classes;C:\Users\FEMI\.m2\repository\org\junit\jupiter\junit-jupiter\5.10.1\junit-jupiter-5.10.1.jar;C:\Users\FEMI\.m2\repository\org\junit\jupiter\junit-jupiter-api\5.10.1\junit-jupiter-api-5.10.1.jar;C:\Users\FEMI\.m2\repository\org\opentest4j\opentest4j\1.3.0\opentest4j-1.3.0.jar;C:\Users\FEMI\.m2\repository\org\junit\platform\junit-platform-commons\1.10.1\junit-platform-commons-1.10.1.jar;C:\Users\FEMI\.m2\repository\org\apiguardian\apiguardian-api\1.1.2\apiguardian-api-1.1.2.jar;C:\Users\FEMI\.m2\repository\org\junit\jupiter\junit-jupiter-params\5.10.1\junit-jupiter-params-5.10.1.jar;C:\Users\FEMI\.m2\repository\org\junit\jupiter\junit-jupiter-engine\5.10.1\junit-jupiter-engine-5.10.1.jar;C:\Users\FEMI\.m2\repository\org\junit\platform\junit-platform-engine\1.10.1\junit-platform-engine-1.10.1.jar;C:\Users\FEMI\.m2\repository\com\fasterxml\jackson\core\jackson-core\2.19.0\jackson-core-2.19.0.jar;C:\Users\FEMI\.m2\repository\com\fasterxml\jackson\core\jackson-annotations\3.0-rc5\jackson-annotations-3.0-rc5.jar;C:\Users\FEMI\.m2\repository\com\fasterxml\jackson\core\jackson-databind\2.19.0\jackson-databind-2.19.0.jar;C:\Users\FEMI\.m2\repository\com\fasterxml\jackson\datatype\jackson-datatype-jsr310\2.19.0\jackson-datatype-jsr310-2.19.0.jar;"/>
    <property name="java.vm.vendor" value="Oracle Corporation"/>
    <property name="sun.arch.data.model" value="64"/>
    <property name="user.variant" value=""/>
    <property name="java.vendor.url" value="https://java.oracle.com/"/>
    <property name="user.timezone" value="Africa/Lagos"/>
    <property name="os.name" value="Windows 11"/>
    <property name="java.vm.specification.version" value="24"/>
    <property name="user.country" value="US"/>
    <property name="sun.java.launcher" value="SUN_STANDARD"/>
    <property name="sun.boot.library.path" value="C:\Users\FEMI\OpenJDK-24\bin"/>
    <property name="sun.java.command" value="C:\Users\FEMI\AppData\Local\Temp\surefire2675758118944216936\surefirebooter-20250527034941810_3.jar C:\Users\FEMI\AppData\Local\Temp\surefire2675758118944216936 2025-05-27T03-49-40_762-jvmRun1 surefire-20250527034941810_1tmp surefire_0-20250527034941810_2tmp"/>
    <property name="jdk.debug" value="release"/>
    <property name="test" value="com.femiproject.bank.BankSystemTest"/>
    <property name="surefire.test.class.path" value="C:\Users\FEMI\project30days\target\test-classes;C:\Users\FEMI\project30days\target\classes;C:\Users\FEMI\.m2\repository\org\junit\jupiter\junit-jupiter\5.10.1\junit-jupiter-5.10.1.jar;C:\Users\FEMI\.m2\repository\org\junit\jupiter\junit-jupiter-api\5.10.1\junit-jupiter-api-5.10.1.jar;C:\Users\FEMI\.m2\repository\org\opentest4j\opentest4j\1.3.0\opentest4j-1.3.0.jar;C:\Users\FEMI\.m2\repository\org\junit\platform\junit-platform-commons\1.10.1\junit-platform-commons-1.10.1.jar;C:\Users\FEMI\.m2\repository\org\apiguardian\apiguardian-api\1.1.2\apiguardian-api-1.1.2.jar;C:\Users\FEMI\.m2\repository\org\junit\jupiter\junit-jupiter-params\5.10.1\junit-jupiter-params-5.10.1.jar;C:\Users\FEMI\.m2\repository\org\junit\jupiter\junit-jupiter-engine\5.10.1\junit-jupiter-engine-5.10.1.jar;C:\Users\FEMI\.m2\repository\org\junit\platform\junit-platform-engine\1.10.1\junit-platform-engine-1.10.1.jar;C:\Users\FEMI\.m2\repository\com\fasterxml\jackson\core\jackson-core\2.19.0\jackson-core-2.19.0.jar;C:\Users\FEMI\.m2\repository\com\fasterxml\jackson\core\jackson-annotations\3.0-rc5\jackson-annotations-3.0-rc5.jar;C:\Users\FEMI\.m2\repository\com\fasterxml\jackson\core\jackson-databind\2.19.0\jackson-databind-2.19.0.jar;C:\Users\FEMI\.m2\repository\com\fasterxml\jackson\datatype\jackson-datatype-jsr310\2.19.0\jackson-datatype-jsr310-2.19.0.jar;"/>
    <property name="sun.cpu.endian" value="little"/>
    <property name="user.home" value="C:\Users\FEMI"/>
    <property name="user.language" value="en"/>
    <property name="java.specification.vendor" value="Oracle Corporation"/>
    <property name="java.version.date" value="2025-03-18"/>
    <property name="java.home" value="C:\Users\FEMI\OpenJDK-24"/>
    <property name="file.separator" value="\"/>
    <property name="basedir" value="C:\Users\FEMI\project30days"/>
    <property name="java.vm.compressedOopsMode" value="32-bit"/>
    <property name="line.separator" value="&#10;"/>
    <property name="java.vm.specification.vendor" value="Oracle Corporation"/>
    <property name="java.specification.name" value="Java Platform API Specification"/>
    <property name="surefire.real.class.path" value="C:\Users\FEMI\AppData\Local\Temp\surefire2675758118944216936\surefirebooter-20250527034941810_3.jar"/>
    <property name="user.script" value=""/>
    <property name="sun.management.compiler" value="HotSpot 64-Bit Tiered Compilers"/>
    <property name="java.runtime.version" value="24+36-3646"/>
    <property name="user.name" value="FEMI"/>
    <property name="stdout.encoding" value="Cp1252"/>
    <property name="path.separator" value=";"/>
    <property name="os.version" value="10.0"/>
    <property name="java.runtime.name" value="OpenJDK Runtime Environment"/>
    <property name="file.encoding" value="UTF-8"/>
    <property name="java.vm.name" value="OpenJDK 64-Bit Server VM"/>
    <property name="maven.ext.class.path" value="C:\Users\FEMI\.vscode\extensions\oracle.oracle-java-24.0.0\nbcode\java\maven-nblib\netbeans-eventspy.jar"/>
    <property name="localRepository" value="C:\Users\FEMI\.m2\repository"/>
    <property name="java.vendor.url.bug" value="https://bugreport.java.com/bugreport/"/>
    <property name="java.io.tmpdir" value="C:\Users\FEMI\AppData\Local\Temp\"/>
    <property name="java.version" value="24"/>
    <property name="user.dir" value="C:\Users\FEMI\project30days"/>
    <property name="os.arch" value="amd64"/>
    <property name="java.vm.specification.name" value="Java Virtual Machine Specification"/>
    <property name="sun.os.patch.level" value=""/>
    <property name="native.encoding" value="Cp1252"/>
    <property name="java.library.path" value="C:\Users\FEMI\OpenJDK-24\bin;C:\Windows\Sun\Java\bin;C:\Windows\system32;C:\Windows;C:\Users\FEMI\jdk-24.0.1\bin;c:\Users\FEMI\AppData\Local\Programs\cursor\resources\app\bin;C:\Windows\system32;C:\Windows;C:\Windows\System32\Wbem;C:\Windows\System32\WindowsPowerShell\v1.0\;C:\Windows\System32\OpenSSH\;C:\Program Files\Git\cmd;C:\Users\FEMI\.console-ninja\.bin;C:\Users\FEMI\AppData\Local\Microsoft\WindowsApps;C:\Users\FEMI\AppData\Roaming\npm;C:\Users\FEMI\go\bin;c:\Users\FEMI\AppData\Local\Programs\cursor\resources\app\bin;C:\Program Files\nodejs\;C:\Program Files\Go\bin;C:\ProgramData\chocolatey\bin;C:\Users\FEMI\AppData\Local\Programs\Python\Launcher\;C:\Users\FEMI\AppData\Local\Microsoft\WindowsApps;C:\Users\FEMI\AppData\Local\Programs\Microsoft VS Code\bin;C:\Users\FEMI\go\bin;C:\User\FEMI\PNPM_HOME;C:\Users\FEMI\AppData\Roaming\npm;C:\Users\FEMI\go\bin;C:\Users\FEMI\AppData\Local\Programs\cursor\resources\app\bin;."/>
    <property name="java.vm.info" value="mixed mode, sharing"/>
    <property name="stderr.encoding" value="Cp1252"/>
    <property name="java.vendor" value="Oracle Corporation"/>
    <property name="java.vm.version" value="24+36-3646"/>
    <property name="sun.io.unicode.encoding" value="UnicodeLittle"/>
    <property name="java.class.version" value="68.0"/>
  </properties>
  <testcase name="testDisplayTransactionHistory" classname="com.femiproject.bank.BankSystemTest" time="3.629">
    <failure message="expected: &lt;2&gt; but was: &lt;1&gt;" type="org.opentest4j.AssertionFailedError"><![CDATA[org.opentest4j.AssertionFailedError: expected: <2> but was: <1>
	at org.junit.jupiter.api.AssertionFailureBuilder.build(AssertionFailureBuilder.java:151)
	at org.junit.jupiter.api.AssertionFailureBuilder.buildAndThrow(AssertionFailureBuilder.java:132)
	at org.junit.jupiter.api.AssertEquals.failNotEqual(AssertEquals.java:197)
	at org.junit.jupiter.api.AssertEquals.assertEquals(AssertEquals.java:150)
	at org.junit.jupiter.api.AssertEquals.assertEquals(AssertEquals.java:145)
	at org.junit.jupiter.api.Assertions.assertEquals(Assertions.java:531)
	at com.femiproject.bank.BankSystemTest.testDisplayTransactionHistory(BankSystemTest.java:58)
	at java.base/java.lang.reflect.Method.invoke(Method.java:565)
	at java.base/java.util.ArrayList.forEach(ArrayList.java:1604)
	at java.base/java.util.ArrayList.forEach(ArrayList.java:1604)
]]></failure>
    <system-out><![CDATA[Loaded 1 users from bank.json
Account creation failed: Username already exists
Deposited $100.00 successfully to femi's account
Withdrew $30.00 successfully from femi's account
]]></system-out>
  </testcase>
  <testcase name="testViewBalance" classname="com.femiproject.bank.BankSystemTest" time="0.195">
    <system-out><![CDATA[Account created successfully for: femi
Deposited $150.00 successfully to femi's account
]]></system-out>
    <system-err><![CDATA[Error loading users from bank.json: Cannot construct instance of `com.femiproject.bank.Transaction` (no Creators, like default constructor, exist): cannot deserialize from Object value (no delegate- or property-based Creator)
 at [Source: REDACTED (`StreamReadFeature.INCLUDE_SOURCE_IN_LOCATION` disabled); line: 6, column: 5] (through reference chain: java.util.ArrayList[0]->com.femiproject.bank.User["transactions"]->java.util.ArrayList[0])
]]></system-err>
  </testcase>
  <testcase name="testWithdraw" classname="com.femiproject.bank.BankSystemTest" time="0.398">
    <system-out><![CDATA[Account created successfully for: femi
Deposited $200.00 successfully to femi's account
Withdrew $50.00 successfully from femi's account
]]></system-out>
    <system-err><![CDATA[Error loading users from bank.json: Cannot construct instance of `com.femiproject.bank.Transaction` (no Creators, like default constructor, exist): cannot deserialize from Object value (no delegate- or property-based Creator)
 at [Source: REDACTED (`StreamReadFeature.INCLUDE_SOURCE_IN_LOCATION` disabled); line: 6, column: 5] (through reference chain: java.util.ArrayList[0]->com.femiproject.bank.User["transactions"]->java.util.ArrayList[0])
]]></system-err>
  </testcase>
  <testcase name="testFindUser" classname="com.femiproject.bank.BankSystemTest" time="1.028">
    <system-out><![CDATA[Account created successfully for: femi
]]></system-out>
    <system-err><![CDATA[Error loading users from bank.json: Cannot construct instance of `com.femiproject.bank.Transaction` (no Creators, like default constructor, exist): cannot deserialize from Object value (no delegate- or property-based Creator)
 at [Source: REDACTED (`StreamReadFeature.INCLUDE_SOURCE_IN_LOCATION` disabled); line: 6, column: 5] (through reference chain: java.util.ArrayList[0]->com.femiproject.bank.User["transactions"]->java.util.ArrayList[0])
]]></system-err>
  </testcase>
  <testcase name="testCreateUser" classname="com.femiproject.bank.BankSystemTest" time="1.02">
    <failure message="User should be created and authenticated ==&gt; expected: not &lt;null&gt;" type="org.opentest4j.AssertionFailedError"><![CDATA[org.opentest4j.AssertionFailedError: User should be created and authenticated ==> expected: not <null>
	at org.junit.jupiter.api.AssertionFailureBuilder.build(AssertionFailureBuilder.java:152)
	at org.junit.jupiter.api.AssertionFailureBuilder.buildAndThrow(AssertionFailureBuilder.java:132)
	at org.junit.jupiter.api.AssertNotNull.failNull(AssertNotNull.java:49)
	at org.junit.jupiter.api.AssertNotNull.assertNotNull(AssertNotNull.java:35)
	at org.junit.jupiter.api.Assertions.assertNotNull(Assertions.java:312)
	at com.femiproject.bank.BankSystemTest.testCreateUser(BankSystemTest.java:31)
	at java.base/java.lang.reflect.Method.invoke(Method.java:565)
	at java.base/java.util.ArrayList.forEach(ArrayList.java:1604)
	at java.base/java.util.ArrayList.forEach(ArrayList.java:1604)
]]></failure>
    <system-out><![CDATA[Loaded 1 users from bank.json
Account creation failed: Username already exists
]]></system-out>
  </testcase>
  <testcase name="testDeposit" classname="com.femiproject.bank.BankSystemTest" time="1.016">
    <system-out><![CDATA[Loaded 1 users from bank.json
Account creation failed: Username already exists
Deposited $100.00 successfully to femi's account
]]></system-out>
  </testcase>
  <testcase name="testTransfer" classname="com.femiproject.bank.BankSystemTest" time="0.323">
    <system-out><![CDATA[Account created successfully for: femi
Deposited $100.00 successfully to femi's account
Account created successfully for: bola
Transfer successful: $40.00 from femi to bola
]]></system-out>
    <system-err><![CDATA[Error loading users from bank.json: Cannot construct instance of `com.femiproject.bank.Transaction` (no Creators, like default constructor, exist): cannot deserialize from Object value (no delegate- or property-based Creator)
 at [Source: REDACTED (`StreamReadFeature.INCLUDE_SOURCE_IN_LOCATION` disabled); line: 6, column: 5] (through reference chain: java.util.ArrayList[0]->com.femiproject.bank.User["transactions"]->java.util.ArrayList[0])
]]></system-err>
  </testcase>
  <testcase name="testAuthUser" classname="com.femiproject.bank.BankSystemTest" time="1.026">
    <failure message="expected: not &lt;null&gt;" type="org.opentest4j.AssertionFailedError"><![CDATA[org.opentest4j.AssertionFailedError: expected: not <null>
	at org.junit.jupiter.api.AssertionFailureBuilder.build(AssertionFailureBuilder.java:152)
	at org.junit.jupiter.api.AssertionFailureBuilder.buildAndThrow(AssertionFailureBuilder.java:132)
	at org.junit.jupiter.api.AssertNotNull.failNull(AssertNotNull.java:49)
	at org.junit.jupiter.api.AssertNotNull.assertNotNull(AssertNotNull.java:35)
	at org.junit.jupiter.api.AssertNotNull.assertNotNull(AssertNotNull.java:30)
	at org.junit.jupiter.api.Assertions.assertNotNull(Assertions.java:304)
	at com.femiproject.bank.BankSystemTest.testAuthUser(BankSystemTest.java:18)
	at java.base/java.lang.reflect.Method.invoke(Method.java:565)
	at java.base/java.util.ArrayList.forEach(ArrayList.java:1604)
	at java.base/java.util.ArrayList.forEach(ArrayList.java:1604)
]]></failure>
    <system-out><![CDATA[Account created successfully for: femi
]]></system-out>
    <system-err><![CDATA[Error loading users from bank.json: Cannot construct instance of `com.femiproject.bank.Transaction` (no Creators, like default constructor, exist): cannot deserialize from Object value (no delegate- or property-based Creator)
 at [Source: REDACTED (`StreamReadFeature.INCLUDE_SOURCE_IN_LOCATION` disabled); line: 6, column: 5] (through reference chain: java.util.ArrayList[0]->com.femiproject.bank.User["transactions"]->java.util.ArrayList[0])
]]></system-err>
  </testcase>
</testsuite>